[jue 27/11/2025 13:14:44,69] venv activado 
[jue 27/11/2025 13:14:44,70] Dependencias instaladas 
[jue 27/11/2025 13:15:32,71] .env creado 
[jue 27/11/2025 13:15:32,72] Carpetas creadas 
[jue 27/11/2025 13:19:32,24] venv activado 
[jue 27/11/2025 13:19:32,25] Dependencias instaladas 
[jue 27/11/2025 13:19:38,69] .env existente, se mantiene 
[jue 27/11/2025 13:19:59,12] Creando superusuario admin1 
[jue 27/11/2025 13:20:02,40] Superusuario creado: admin1 
[jue 27/11/2025 13:25:41,46] venv creado 
[jue 27/11/2025 13:26:05,74] venv activado 
[jue 27/11/2025 13:26:06,08] Dependencias instaladas 
[jue 27/11/2025 13:29:51,10] Nuevo .env creado 
[jue 27/11/2025 13:29:51,12] Carpetas creadas 
[jue 27/11/2025 13:30:01,06] Creando superusuario admin 
[jue 27/11/2025 13:30:02,81] Superusuario creado: admin 
[jue 27/11/2025 13:33:02,12] venv activado 
[jue 27/11/2025 13:33:02,13] Dependencias instaladas 
[jue 27/11/2025 13:33:27,25] Nuevo .env creado 
[jue 27/11/2025 13:33:27,26] Carpetas creadas 
[jue 27/11/2025 13:33:27,28] Migraciones iniciadas 
[jue 27/11/2025 13:33:37,28] Migraciones completadas 
[jue 27/11/2025 13:33:54,33] Superusuario creado: admin1 
