[jue 25/09/2025 23:12:26,09] Entorno virtual activado 
[jue 25/09/2025 23:12:26,10] Instalando dependencias desde requirements.txt 
[jue 25/09/2025 23:12:36,01] Todo listo, arrancando servidor autom치ticamente 
[jue 25/09/2025 23:15:50,06] Entorno virtual activado 
[jue 25/09/2025 23:15:50,06] Instalando dependencias desde requirements.txt 
[jue 25/09/2025 23:15:59,40] Todo listo, arrancando servidor autom치ticamente 
[jue 25/09/2025 23:16:42,06] Entorno virtual activado 
[jue 25/09/2025 23:16:42,06] Instalando dependencias desde requirements.txt 
[jue 25/09/2025 23:17:37,26] Configuraci칩n completada, .env creado y carpetas listas 
[jue 25/09/2025 23:17:51,88] Iniciando migraciones 
[jue 25/09/2025 23:17:59,05] Migraciones completadas 
[jue 25/09/2025 23:18:26,93] Creando superusuario admin_alex 
[jue 25/09/2025 23:18:29,59] Superusuario admin_alex creado 
[jue 25/09/2025 23:18:53,99] Servidor levantado manualmente 
[jue 25/09/2025 23:21:42,59] Entorno virtual activado 
[jue 25/09/2025 23:21:42,59] Instalando dependencias desde requirements.txt 
[jue 25/09/2025 23:22:31,23] Configuraci칩n completada, .env creado y carpetas listas 
[jue 25/09/2025 23:22:41,47] Iniciando migraciones 
[jue 25/09/2025 23:22:49,66] Migraciones completadas 
[jue 25/09/2025 23:23:12,96] Creando superusuario admin_alex 
[jue 25/09/2025 23:23:15,73] Superusuario admin_alex creado 
[jue 25/09/2025 23:23:25,76] Servidor levantado manualmente 
[vie 26/09/2025  9:50:54,43] Entorno virtual activado 
[vie 26/09/2025  9:50:54,46] Instalando dependencias desde requirements.txt 
[vie 26/09/2025  9:51:28,64] Todo listo, arrancando servidor autom치ticamente 
[vie 26/09/2025  9:51:28,64] Servidor detenido 
[vie 26/09/2025  9:54:00,45] Entorno virtual activado 
[vie 26/09/2025  9:54:00,45] Instalando dependencias desde requirements.txt 
[vie 26/09/2025  9:54:30,07] Servidor levantado manualmente 
[vie 26/09/2025 11:49:06,07] Entorno virtual activado 
[vie 26/09/2025 11:49:06,08] Instalando dependencias desde requirements.txt 
[vie 26/09/2025 11:49:35,87] Servidor levantado manualmente 
[vie 26/09/2025 11:56:14,30] Entorno virtual activado 
[vie 26/09/2025 11:56:14,31] Instalando dependencias desde requirements.txt 
[vie 26/09/2025 11:56:56,40] Creando entorno virtual... 
[vie 26/09/2025 11:57:25,59] Entorno virtual activado 
[vie 26/09/2025 11:57:25,65] Instalando dependencias desde requirements.txt 
[vie 26/09/2025 12:00:14,16] Configuraci칩n completada, .env creado y carpetas listas 
[vie 26/09/2025 12:00:25,97] Iniciando migraciones 
[vie 26/09/2025 12:00:34,39] Migraciones completadas 
[vie 26/09/2025 12:01:02,10] Creando superusuario admin_alex 
[vie 26/09/2025 12:01:04,85] Superusuario admin_alex creado 
[vie 26/09/2025 12:01:12,26] Servidor levantado manualmente 
[s막 27/09/2025 10:15:20,09] Entorno virtual activado 
[s막 27/09/2025 10:15:20,09] Instalando dependencias desde requirements.txt 
[s막 27/09/2025 10:16:00,08] Servidor levantado manualmente 
[s막 27/09/2025 10:27:49,15] Servidor detenido 
[s막 27/09/2025 10:28:14,64] Servidor levantado manualmente 
[s막 27/09/2025 10:28:26,96] Servidor detenido 
[s막 27/09/2025 10:28:52,31] Servidor levantado manualmente 
[s막 27/09/2025 10:32:33,77] Servidor detenido 
[s막 27/09/2025 10:36:34,47] Servidor levantado manualmente 
[s막 27/09/2025 10:42:08,87] Servidor detenido 
[s막 27/09/2025 10:44:03,61] Entorno virtual activado 
[s막 27/09/2025 10:44:03,61] Instalando dependencias desde requirements.txt 
[s막 27/09/2025 10:44:28,52] Servidor levantado manualmente 
[s막 27/09/2025 10:47:00,17] Servidor detenido 
[s막 27/09/2025 10:48:31,64] Entorno virtual activado 
[s막 27/09/2025 10:48:31,65] Instalando dependencias desde requirements.txt 
[s막 27/09/2025 10:49:01,13] Servidor levantado manualmente 
[s막 27/09/2025 12:37:52,23] Servidor detenido 
[s막 27/09/2025 12:38:09,28] Salida del sistema 
[s막 27/09/2025 12:38:20,70] Entorno virtual activado 
[s막 27/09/2025 12:38:20,71] Instalando dependencias desde requirements.txt 
[s막 27/09/2025 12:38:46,54] Iniciando migraciones 
[s막 27/09/2025 12:38:57,78] Migraciones completadas 
[s막 27/09/2025 12:39:08,10] Servidor levantado manualmente 
[s막 27/09/2025 12:55:15,13] Servidor detenido 
[s막 27/09/2025 12:55:37,56] Salida del sistema 
